<?xml version="1.0" encoding="UTF-8"?>
<testng-results skipped="0" failed="0" ignored="0" total="1" passed="1">
  <reporter-output>
  </reporter-output>
  <suite name="Default suite" duration-ms="269301" started-at="2021-06-02T21:50:50 IST" finished-at="2021-06-02T21:55:19 IST">
    <groups>
    </groups>
    <test name="Default test" duration-ms="269301" started-at="2021-06-02T21:50:50 IST" finished-at="2021-06-02T21:55:19 IST">
      <class name="execution.Execute">
        <test-method status="PASS" signature="beforeTest()[pri:0, instance:execution.Execute@6dde5c8c]" name="beforeTest" is-config="true" duration-ms="23" started-at="2021-06-02T21:50:50 IST" finished-at="2021-06-02T21:50:50 IST">
          <reporter-output>
          </reporter-output>
        </test-method> <!-- beforeTest -->
        <test-method status="PASS" signature="f()[pri:0, instance:execution.Execute@6dde5c8c]" name="f" duration-ms="269239" started-at="2021-06-02T21:50:50 IST" finished-at="2021-06-02T21:55:19 IST">
          <reporter-output>
          </reporter-output>
        </test-method> <!-- f -->
        <test-method status="PASS" signature="afterTest()[pri:0, instance:execution.Execute@6dde5c8c]" name="afterTest" is-config="true" duration-ms="11" started-at="2021-06-02T21:55:19 IST" finished-at="2021-06-02T21:55:19 IST">
          <reporter-output>
          </reporter-output>
        </test-method> <!-- afterTest -->
      </class> <!-- execution.Execute -->
    </test> <!-- Default test -->
  </suite> <!-- Default suite -->
</testng-results>
